Using pre-set license
Built from '2020.2/staging' branch; Version is '2020.2.3f1 (8ff31bc5bf5b) revision 9433883'; Using compiler version '192528614'; Build Type 'Release'
OS: 'Windows 10 Home; OS build 19042.867; Version 2009; 64bit' Language: 'nl' Physical Memory: 16205 MB
BatchMode: 1, IsHumanControllingUs: 0, StartBugReporterOnCrash: 0, Is64bit: 1, IsPro: 0

 COMMAND LINE ARGUMENTS:
C:\Program Files\Unity\Hub\Editor\2020.2.3f1\Editor\Unity.exe
-adb2
-batchMode
-noUpm
-name
AssetImportWorker0
-projectPath
C:/Users/jorda/Documents/rocket-assignment-part-1-JordanCornelis/Rocket assignment
-logFile
Logs/AssetImportWorker0.log
-srvPort
49898
Successfully changed project path to: C:/Users/jorda/Documents/rocket-assignment-part-1-JordanCornelis/Rocket assignment
C:/Users/jorda/Documents/rocket-assignment-part-1-JordanCornelis/Rocket assignment
Using Asset Import Pipeline V2.
Refreshing native plugins compatible for Editor in 29.31 ms, found 0 plugins.
Preloading 0 native plugins for Editor in 0.00 ms.
Initialize engine version: 2020.2.3f1 (8ff31bc5bf5b)
[Subsystems] Discovering subsystems at path C:/Program Files/Unity/Hub/Editor/2020.2.3f1/Editor/Data/Resources/UnitySubsystems
[Subsystems] Discovering subsystems at path C:/Users/jorda/Documents/rocket-assignment-part-1-JordanCornelis/Rocket assignment/Assets
GfxDevice: creating device client; threaded=0
Direct3D:
    Version:  Direct3D 11.0 [level 11.1]
    Renderer: NVIDIA GeForce GTX 1650 with Max-Q Design (ID=0x1f99)
    Vendor:   
    VRAM:     3962 MB
    Driver:   26.21.14.4223
Initialize mono
Mono path[0] = 'C:/Program Files/Unity/Hub/Editor/2020.2.3f1/Editor/Data/Managed'
Mono path[1] = 'C:/Program Files/Unity/Hub/Editor/2020.2.3f1/Editor/Data/MonoBleedingEdge/lib/mono/unityjit'
Mono config path = 'C:/Program Files/Unity/Hub/Editor/2020.2.3f1/Editor/Data/MonoBleedingEdge/etc'
Using monoOptions --debugger-agent=transport=dt_socket,embedding=1,server=y,suspend=n,address=127.0.0.1:56832
Begin MonoManager ReloadAssembly
Registering precompiled unity dll's ...
Register platform support module: C:/Program Files/Unity/Hub/Editor/2020.2.3f1/Editor/Data/PlaybackEngines/WebGLSupport/UnityEditor.WebGL.Extensions.dll
Register platform support module: C:/Program Files/Unity/Hub/Editor/2020.2.3f1/Editor/Data/PlaybackEngines/WindowsStandaloneSupport/UnityEditor.WindowsStandalone.Extensions.dll
Registered in 0.003852 seconds.
Native extension for WindowsStandalone target not found
Native extension for WebGL target not found
Refreshing native plugins compatible for Editor in 32.30 ms, found 0 plugins.
Preloading 0 native plugins for Editor in 0.00 ms.
Unable to find bridge dll in registry for Microsoft Visual Studio Tools for Unity for C:/Program Files (x86)/Microsoft Visual Studio/2019/Community/Common7/IDE/devenv.exe
Invoked RoslynAnalysisRunner static constructor.
RoslynAnalysisRunner will not be running.
RoslynAnalysisRunner has terminated.
Mono: successfully reloaded assembly
- Completed reload, in  1.360 seconds
Platform modules already initialized, skipping
Registering precompiled user dll's ...
Registered in 0.001585 seconds.
Begin MonoManager ReloadAssembly
Native extension for WindowsStandalone target not found
Native extension for WebGL target not found
Refreshing native plugins compatible for Editor in 0.24 ms, found 0 plugins.
Preloading 0 native plugins for Editor in 0.00 ms.
Invoked RoslynAnalysisRunner static constructor.
RoslynAnalysisRunner will not be running.
RoslynAnalysisRunner has terminated.
Mono: successfully reloaded assembly
- Completed reload, in  1.103 seconds
Platform modules already initialized, skipping
========================================================================
Worker process is ready to serve import requests
Launched and connected shader compiler UnityShaderCompiler.exe after 0.05 seconds
Refreshing native plugins compatible for Editor in 0.22 ms, found 0 plugins.
Preloading 0 native plugins for Editor in 0.00 ms.
Unloading 1124 Unused Serialized files (Serialized files now loaded: 0)
System memory in use before: 59.0 MB.
System memory in use after: 59.0 MB.

Unloading 9 unused Assets to reduce memory usage. Loaded Objects now: 1569.
Total: 1.664300 ms (FindLiveObjects: 0.147200 ms CreateObjectMapping: 0.055900 ms MarkObjects: 1.399300 ms  DeleteObjects: 0.061000 ms)

========================================================================
Received Import Request.
  path: Assets/scripts
  artifactKey: Guid(c777596b12885f543aa2e5e192a34d7d) Importer(815301076,1909f56bfc062723c751e8b465ee728b)
Start importing Assets/scripts using Guid(c777596b12885f543aa2e5e192a34d7d) Importer(815301076,1909f56bfc062723c751e8b465ee728b)  -> (artifact id: '39440289d0a3cd93f41ccfd45657dbbb') in 0.006911 seconds
  Import took 0.008900 seconds .

========================================================================
Received Import Request.
  Time since last request: 7.509389 seconds.
  path: Assets/scripts/CoinRotation.cs
  artifactKey: Guid(9204979e3ed936747b8c415396c41ad2) Importer(815301076,1909f56bfc062723c751e8b465ee728b)
Start importing Assets/scripts/CoinRotation.cs using Guid(9204979e3ed936747b8c415396c41ad2) Importer(815301076,1909f56bfc062723c751e8b465ee728b)  -> (artifact id: '51901334325200acfa1fd1a076f17032') in 0.086515 seconds
  Import took 0.090138 seconds .

========================================================================
Received Prepare
Registering precompiled user dll's ...
Registered in 0.001637 seconds.
Begin MonoManager ReloadAssembly
Native extension for WindowsStandalone target not found
Native extension for WebGL target not found
Refreshing native plugins compatible for Editor in 0.24 ms, found 0 plugins.
Preloading 0 native plugins for Editor in 0.00 ms.
Invoked RoslynAnalysisRunner static constructor.
RoslynAnalysisRunner will not be running.
RoslynAnalysisRunner has terminated.
Mono: successfully reloaded assembly
- Completed reload, in  0.959 seconds
Platform modules already initialized, skipping
Refreshing native plugins compatible for Editor in 0.24 ms, found 0 plugins.
Preloading 0 native plugins for Editor in 0.00 ms.
Unloading 1119 Unused Serialized files (Serialized files now loaded: 0)
System memory in use before: 58.9 MB.
System memory in use after: 59.0 MB.

Unloading 4 unused Assets to reduce memory usage. Loaded Objects now: 1572.
Total: 1.773200 ms (FindLiveObjects: 0.200900 ms CreateObjectMapping: 0.054700 ms MarkObjects: 1.501400 ms  DeleteObjects: 0.015100 ms)

========================================================================
Received Prepare
Registering precompiled user dll's ...
Registered in 0.001664 seconds.
Begin MonoManager ReloadAssembly
Native extension for WindowsStandalone target not found
Native extension for WebGL target not found
Refreshing native plugins compatible for Editor in 0.20 ms, found 0 plugins.
Preloading 0 native plugins for Editor in 0.00 ms.
Invoked RoslynAnalysisRunner static constructor.
RoslynAnalysisRunner will not be running.
RoslynAnalysisRunner has terminated.
Mono: successfully reloaded assembly
- Completed reload, in  0.737 seconds
Platform modules already initialized, skipping
Refreshing native plugins compatible for Editor in 0.19 ms, found 0 plugins.
Preloading 0 native plugins for Editor in 0.00 ms.
Unloading 1119 Unused Serialized files (Serialized files now loaded: 0)
System memory in use before: 58.9 MB.
System memory in use after: 59.0 MB.

Unloading 4 unused Assets to reduce memory usage. Loaded Objects now: 1574.
Total: 2.331200 ms (FindLiveObjects: 0.282300 ms CreateObjectMapping: 0.107300 ms MarkObjects: 1.925100 ms  DeleteObjects: 0.015600 ms)

========================================================================
Received Prepare
Registering precompiled user dll's ...
Registered in 0.002706 seconds.
Begin MonoManager ReloadAssembly
Native extension for WindowsStandalone target not found
Native extension for WebGL target not found
Refreshing native plugins compatible for Editor in 0.18 ms, found 0 plugins.
Preloading 0 native plugins for Editor in 0.00 ms.
Invoked RoslynAnalysisRunner static constructor.
RoslynAnalysisRunner will not be running.
RoslynAnalysisRunner has terminated.
Mono: successfully reloaded assembly
- Completed reload, in  0.624 seconds
Platform modules already initialized, skipping
Refreshing native plugins compatible for Editor in 0.19 ms, found 0 plugins.
Preloading 0 native plugins for Editor in 0.00 ms.
Unloading 1119 Unused Serialized files (Serialized files now loaded: 0)
System memory in use before: 58.9 MB.
System memory in use after: 59.0 MB.

Unloading 4 unused Assets to reduce memory usage. Loaded Objects now: 1576.
Total: 1.404100 ms (FindLiveObjects: 0.125400 ms CreateObjectMapping: 0.034900 ms MarkObjects: 1.217800 ms  DeleteObjects: 0.025100 ms)

========================================================================
Received Prepare
Registering precompiled user dll's ...
Registered in 0.001538 seconds.
Begin MonoManager ReloadAssembly
Native extension for WindowsStandalone target not found
Native extension for WebGL target not found
Refreshing native plugins compatible for Editor in 0.19 ms, found 0 plugins.
Preloading 0 native plugins for Editor in 0.00 ms.
Invoked RoslynAnalysisRunner static constructor.
RoslynAnalysisRunner will not be running.
RoslynAnalysisRunner has terminated.
Mono: successfully reloaded assembly
- Completed reload, in  0.645 seconds
Platform modules already initialized, skipping
Refreshing native plugins compatible for Editor in 0.19 ms, found 0 plugins.
Preloading 0 native plugins for Editor in 0.00 ms.
Unloading 1119 Unused Serialized files (Serialized files now loaded: 0)
System memory in use before: 58.9 MB.
System memory in use after: 59.0 MB.

Unloading 4 unused Assets to reduce memory usage. Loaded Objects now: 1578.
Total: 1.299800 ms (FindLiveObjects: 0.121600 ms CreateObjectMapping: 0.032300 ms MarkObjects: 1.130200 ms  DeleteObjects: 0.014400 ms)

========================================================================
Received Import Request.
  Time since last request: 481.628259 seconds.
  path: Assets/scripts/dissepear.cs
  artifactKey: Guid(6e3d1f3a892c83448a43ff46edb34c34) Importer(815301076,1909f56bfc062723c751e8b465ee728b)
Start importing Assets/scripts/dissepear.cs using Guid(6e3d1f3a892c83448a43ff46edb34c34) Importer(815301076,1909f56bfc062723c751e8b465ee728b)  -> (artifact id: '831710878c199a825182c683a44ca5ad') in 0.008112 seconds
  Import took 0.010067 seconds .

========================================================================
Received Prepare
Registering precompiled user dll's ...
Registered in 0.001735 seconds.
Begin MonoManager ReloadAssembly
Native extension for WindowsStandalone target not found
Native extension for WebGL target not found
Refreshing native plugins compatible for Editor in 0.18 ms, found 0 plugins.
Preloading 0 native plugins for Editor in 0.00 ms.
Invoked RoslynAnalysisRunner static constructor.
RoslynAnalysisRunner will not be running.
RoslynAnalysisRunner has terminated.
Mono: successfully reloaded assembly
- Completed reload, in  0.670 seconds
Platform modules already initialized, skipping
Refreshing native plugins compatible for Editor in 0.19 ms, found 0 plugins.
Preloading 0 native plugins for Editor in 0.00 ms.
Unloading 1120 Unused Serialized files (Serialized files now loaded: 0)
System memory in use before: 58.9 MB.
System memory in use after: 59.0 MB.

Unloading 4 unused Assets to reduce memory usage. Loaded Objects now: 1581.
Total: 1.842700 ms (FindLiveObjects: 0.295400 ms CreateObjectMapping: 0.078400 ms MarkObjects: 1.427900 ms  DeleteObjects: 0.040200 ms)

========================================================================
Received Import Request.
  Time since last request: 303.196140 seconds.
  path: Assets/scripts/dissepear.cs
  artifactKey: Guid(6e3d1f3a892c83448a43ff46edb34c34) Importer(815301076,1909f56bfc062723c751e8b465ee728b)
Start importing Assets/scripts/dissepear.cs using Guid(6e3d1f3a892c83448a43ff46edb34c34) Importer(815301076,1909f56bfc062723c751e8b465ee728b)  -> (artifact id: 'cfc20d29efd23cd44676a3b872a953a1') in 0.007250 seconds
  Import took 0.009321 seconds .

========================================================================
Received Import Request.
  Time since last request: 0.002014 seconds.
  path: Assets/scripts/dissepear.cs
  artifactKey: Guid(6e3d1f3a892c83448a43ff46edb34c34) Importer(815301076,1909f56bfc062723c751e8b465ee728b)
Start importing Assets/scripts/dissepear.cs using Guid(6e3d1f3a892c83448a43ff46edb34c34) Importer(815301076,1909f56bfc062723c751e8b465ee728b)  -> (artifact id: 'cfc20d29efd23cd44676a3b872a953a1') in 0.004928 seconds
  Import took 0.006994 seconds .

========================================================================
Received Import Request.
  Time since last request: 3.544685 seconds.
  path: Assets/scripts/Rocket.cs
  artifactKey: Guid(5acb9506856b6c64999e71c050054b47) Importer(815301076,1909f56bfc062723c751e8b465ee728b)
Start importing Assets/scripts/Rocket.cs using Guid(5acb9506856b6c64999e71c050054b47) Importer(815301076,1909f56bfc062723c751e8b465ee728b)  -> (artifact id: 'abd00c4597ba469bb2a340c7814b91f6') in 0.005143 seconds
  Import took 0.007632 seconds .

========================================================================
Received Import Request.
  Time since last request: 0.021800 seconds.
  path: Assets/scripts/Rocket.cs
  artifactKey: Guid(5acb9506856b6c64999e71c050054b47) Importer(815301076,1909f56bfc062723c751e8b465ee728b)
Start importing Assets/scripts/Rocket.cs using Guid(5acb9506856b6c64999e71c050054b47) Importer(815301076,1909f56bfc062723c751e8b465ee728b)  -> (artifact id: 'abd00c4597ba469bb2a340c7814b91f6') in 0.003513 seconds
  Import took 0.005263 seconds .

========================================================================
Received Prepare
Registering precompiled user dll's ...
Registered in 0.001754 seconds.
Begin MonoManager ReloadAssembly
Native extension for WindowsStandalone target not found
Native extension for WebGL target not found
Refreshing native plugins compatible for Editor in 0.20 ms, found 0 plugins.
Preloading 0 native plugins for Editor in 0.00 ms.
Invoked RoslynAnalysisRunner static constructor.
RoslynAnalysisRunner will not be running.
RoslynAnalysisRunner has terminated.
Mono: successfully reloaded assembly
- Completed reload, in  0.723 seconds
Platform modules already initialized, skipping
Refreshing native plugins compatible for Editor in 0.19 ms, found 0 plugins.
Preloading 0 native plugins for Editor in 0.00 ms.
Unloading 1120 Unused Serialized files (Serialized files now loaded: 0)
System memory in use before: 58.9 MB.
System memory in use after: 59.0 MB.

Unloading 4 unused Assets to reduce memory usage. Loaded Objects now: 1583.
Total: 1.497000 ms (FindLiveObjects: 0.128000 ms CreateObjectMapping: 0.034100 ms MarkObjects: 1.321500 ms  DeleteObjects: 0.012600 ms)

========================================================================
Received Prepare
Registering precompiled user dll's ...
Registered in 0.001509 seconds.
Begin MonoManager ReloadAssembly
Native extension for WindowsStandalone target not found
Native extension for WebGL target not found
Refreshing native plugins compatible for Editor in 0.18 ms, found 0 plugins.
Preloading 0 native plugins for Editor in 0.00 ms.
Invoked RoslynAnalysisRunner static constructor.
RoslynAnalysisRunner will not be running.
RoslynAnalysisRunner has terminated.
Mono: successfully reloaded assembly
- Completed reload, in  0.676 seconds
Platform modules already initialized, skipping
Refreshing native plugins compatible for Editor in 0.19 ms, found 0 plugins.
Preloading 0 native plugins for Editor in 0.00 ms.
Unloading 1120 Unused Serialized files (Serialized files now loaded: 0)
System memory in use before: 58.9 MB.
System memory in use after: 59.0 MB.

Unloading 4 unused Assets to reduce memory usage. Loaded Objects now: 1585.
Total: 1.587200 ms (FindLiveObjects: 0.120500 ms CreateObjectMapping: 0.034600 ms MarkObjects: 1.416800 ms  DeleteObjects: 0.013900 ms)

========================================================================
Received Prepare
Registering precompiled user dll's ...
Registered in 0.001762 seconds.
Begin MonoManager ReloadAssembly
Native extension for WindowsStandalone target not found
Native extension for WebGL target not found
Refreshing native plugins compatible for Editor in 0.18 ms, found 0 plugins.
Preloading 0 native plugins for Editor in 0.00 ms.
Invoked RoslynAnalysisRunner static constructor.
RoslynAnalysisRunner will not be running.
RoslynAnalysisRunner has terminated.
Mono: successfully reloaded assembly
- Completed reload, in  0.633 seconds
Platform modules already initialized, skipping
Refreshing native plugins compatible for Editor in 0.19 ms, found 0 plugins.
Preloading 0 native plugins for Editor in 0.00 ms.
Unloading 1120 Unused Serialized files (Serialized files now loaded: 0)
System memory in use before: 59.0 MB.
System memory in use after: 59.1 MB.

Unloading 4 unused Assets to reduce memory usage. Loaded Objects now: 1587.
Total: 1.262500 ms (FindLiveObjects: 0.134400 ms CreateObjectMapping: 0.045500 ms MarkObjects: 1.071500 ms  DeleteObjects: 0.010400 ms)

========================================================================
Received Import Request.
  Time since last request: 175.022520 seconds.
  path: ProjectSettings/TagManager.asset
  artifactKey: Guid(00000000000000003000000000000000) Importer(815301076,1909f56bfc062723c751e8b465ee728b)
Start importing ProjectSettings/TagManager.asset using Guid(00000000000000003000000000000000) Importer(815301076,1909f56bfc062723c751e8b465ee728b)  -> (artifact id: '3feff5fae10247456117a9ccebeb351d') in 0.019714 seconds
  Import took 0.021770 seconds .

========================================================================
Received Prepare
Registering precompiled user dll's ...
Registered in 0.001475 seconds.
Begin MonoManager ReloadAssembly
Native extension for WindowsStandalone target not found
Native extension for WebGL target not found
Refreshing native plugins compatible for Editor in 0.23 ms, found 0 plugins.
Preloading 0 native plugins for Editor in 0.00 ms.
Invoked RoslynAnalysisRunner static constructor.
RoslynAnalysisRunner will not be running.
RoslynAnalysisRunner has terminated.
Mono: successfully reloaded assembly
- Completed reload, in  0.636 seconds
Platform modules already initialized, skipping
Refreshing native plugins compatible for Editor in 0.19 ms, found 0 plugins.
Preloading 0 native plugins for Editor in 0.00 ms.
Unloading 1120 Unused Serialized files (Serialized files now loaded: 0)
System memory in use before: 59.0 MB.
System memory in use after: 59.1 MB.

Unloading 5 unused Assets to reduce memory usage. Loaded Objects now: 1589.
Total: 1.303400 ms (FindLiveObjects: 0.118600 ms CreateObjectMapping: 0.035400 ms MarkObjects: 1.116400 ms  DeleteObjects: 0.032100 ms)

========================================================================
Received Prepare
Registering precompiled user dll's ...
Registered in 0.001556 seconds.
Begin MonoManager ReloadAssembly
Native extension for WindowsStandalone target not found
Native extension for WebGL target not found
Refreshing native plugins compatible for Editor in 0.19 ms, found 0 plugins.
Preloading 0 native plugins for Editor in 0.00 ms.
Invoked RoslynAnalysisRunner static constructor.
RoslynAnalysisRunner will not be running.
RoslynAnalysisRunner has terminated.
Mono: successfully reloaded assembly
- Completed reload, in  0.675 seconds
Platform modules already initialized, skipping
Refreshing native plugins compatible for Editor in 0.20 ms, found 0 plugins.
Preloading 0 native plugins for Editor in 0.00 ms.
Unloading 1120 Unused Serialized files (Serialized files now loaded: 0)
System memory in use before: 59.0 MB.
System memory in use after: 59.1 MB.

Unloading 4 unused Assets to reduce memory usage. Loaded Objects now: 1591.
Total: 1.713300 ms (FindLiveObjects: 0.212900 ms CreateObjectMapping: 0.067200 ms MarkObjects: 1.419300 ms  DeleteObjects: 0.012800 ms)

========================================================================
Received Prepare
Registering precompiled user dll's ...
Registered in 0.001380 seconds.
Begin MonoManager ReloadAssembly
Native extension for WindowsStandalone target not found
Native extension for WebGL target not found
Refreshing native plugins compatible for Editor in 0.28 ms, found 0 plugins.
Preloading 0 native plugins for Editor in 0.00 ms.
Invoked RoslynAnalysisRunner static constructor.
RoslynAnalysisRunner will not be running.
RoslynAnalysisRunner has terminated.
Mono: successfully reloaded assembly
- Completed reload, in  0.666 seconds
Platform modules already initialized, skipping
Refreshing native plugins compatible for Editor in 0.19 ms, found 0 plugins.
Preloading 0 native plugins for Editor in 0.00 ms.
Unloading 1120 Unused Serialized files (Serialized files now loaded: 0)
System memory in use before: 59.0 MB.
System memory in use after: 59.1 MB.

Unloading 4 unused Assets to reduce memory usage. Loaded Objects now: 1593.
Total: 1.367000 ms (FindLiveObjects: 0.181800 ms CreateObjectMapping: 0.029700 ms MarkObjects: 1.144400 ms  DeleteObjects: 0.010400 ms)

========================================================================
Received Prepare
Registering precompiled user dll's ...
Registered in 0.001867 seconds.
Begin MonoManager ReloadAssembly
Native extension for WindowsStandalone target not found
Native extension for WebGL target not found
Refreshing native plugins compatible for Editor in 0.18 ms, found 0 plugins.
Preloading 0 native plugins for Editor in 0.00 ms.
Invoked RoslynAnalysisRunner static constructor.
RoslynAnalysisRunner will not be running.
RoslynAnalysisRunner has terminated.
Mono: successfully reloaded assembly
- Completed reload, in  0.642 seconds
Platform modules already initialized, skipping
Refreshing native plugins compatible for Editor in 0.18 ms, found 0 plugins.
Preloading 0 native plugins for Editor in 0.00 ms.
Unloading 1120 Unused Serialized files (Serialized files now loaded: 0)
System memory in use before: 59.0 MB.
System memory in use after: 59.1 MB.

Unloading 4 unused Assets to reduce memory usage. Loaded Objects now: 1595.
Total: 1.349000 ms (FindLiveObjects: 0.186700 ms CreateObjectMapping: 0.033000 ms MarkObjects: 1.117000 ms  DeleteObjects: 0.011200 ms)

========================================================================
Received Prepare
Registering precompiled user dll's ...
Registered in 0.001795 seconds.
Begin MonoManager ReloadAssembly
Native extension for WindowsStandalone target not found
Native extension for WebGL target not found
Refreshing native plugins compatible for Editor in 0.18 ms, found 0 plugins.
Preloading 0 native plugins for Editor in 0.00 ms.
Invoked RoslynAnalysisRunner static constructor.
RoslynAnalysisRunner will not be running.
RoslynAnalysisRunner has terminated.
Mono: successfully reloaded assembly
- Completed reload, in  0.661 seconds
Platform modules already initialized, skipping
Refreshing native plugins compatible for Editor in 0.20 ms, found 0 plugins.
Preloading 0 native plugins for Editor in 0.00 ms.
Unloading 1120 Unused Serialized files (Serialized files now loaded: 0)
System memory in use before: 59.0 MB.
System memory in use after: 59.1 MB.

Unloading 4 unused Assets to reduce memory usage. Loaded Objects now: 1597.
Total: 2.049000 ms (FindLiveObjects: 0.234700 ms CreateObjectMapping: 0.074200 ms MarkObjects: 1.726400 ms  DeleteObjects: 0.012800 ms)

========================================================================
Received Import Request.
  Time since last request: 668.898291 seconds.
  path: Assets/prefabs/Obstacle.prefab
  artifactKey: Guid(38813cba60bb75242897de5bb2a07378) Importer(815301076,1909f56bfc062723c751e8b465ee728b)
Start importing Assets/prefabs/Obstacle.prefab using Guid(38813cba60bb75242897de5bb2a07378) Importer(815301076,1909f56bfc062723c751e8b465ee728b)  -> (artifact id: 'f7b37993e5fca1375fcdc51316d27b0d') in 0.144910 seconds
  Import took 0.148077 seconds .

========================================================================
Received Import Request.
  Time since last request: 0.000349 seconds.
  path: Assets/prefabs/Obstacle2.prefab
  artifactKey: Guid(0d19ed8fdaa7b364d818a6a1ecf052c7) Importer(815301076,1909f56bfc062723c751e8b465ee728b)
Start importing Assets/prefabs/Obstacle2.prefab using Guid(0d19ed8fdaa7b364d818a6a1ecf052c7) Importer(815301076,1909f56bfc062723c751e8b465ee728b)  -> (artifact id: 'a12a0b8725f7813f1a2b4c4610ec0a8e') in 0.021450 seconds
  Import took 0.024823 seconds .

========================================================================
Received Import Request.
  Time since last request: 3.737458 seconds.
  path: Assets/prefabs/Coin.prefab
  artifactKey: Guid(6344847e37181164a9ddd4d216f426db) Importer(815301076,1909f56bfc062723c751e8b465ee728b)
Start importing Assets/prefabs/Coin.prefab using Guid(6344847e37181164a9ddd4d216f426db) Importer(815301076,1909f56bfc062723c751e8b465ee728b)  -> (artifact id: '861a8c6d850ed605078755add8023a04') in 0.024085 seconds
  Import took 0.025862 seconds .

========================================================================
Received Import Request.
  Time since last request: 0.002130 seconds.
  path: Assets/prefabs/Coin.prefab
  artifactKey: Guid(6344847e37181164a9ddd4d216f426db) Importer(815301076,1909f56bfc062723c751e8b465ee728b)
Start importing Assets/prefabs/Coin.prefab using Guid(6344847e37181164a9ddd4d216f426db) Importer(815301076,1909f56bfc062723c751e8b465ee728b)  -> (artifact id: '861a8c6d850ed605078755add8023a04') in 0.012896 seconds
  Import took 0.014715 seconds .

========================================================================
Received Prepare
Registering precompiled user dll's ...
Registered in 0.001358 seconds.
Begin MonoManager ReloadAssembly
Native extension for WindowsStandalone target not found
Native extension for WebGL target not found
Refreshing native plugins compatible for Editor in 0.19 ms, found 0 plugins.
Preloading 0 native plugins for Editor in 0.00 ms.
Invoked RoslynAnalysisRunner static constructor.
RoslynAnalysisRunner will not be running.
RoslynAnalysisRunner has terminated.
Mono: successfully reloaded assembly
- Completed reload, in  0.716 seconds
Platform modules already initialized, skipping
Refreshing native plugins compatible for Editor in 0.19 ms, found 0 plugins.
Preloading 0 native plugins for Editor in 0.00 ms.
Unloading 1120 Unused Serialized files (Serialized files now loaded: 0)
System memory in use before: 62.1 MB.
System memory in use after: 62.2 MB.

Unloading 4 unused Assets to reduce memory usage. Loaded Objects now: 1606.
Total: 2.730300 ms (FindLiveObjects: 0.137100 ms CreateObjectMapping: 0.054500 ms MarkObjects: 2.522700 ms  DeleteObjects: 0.014300 ms)

========================================================================
Received Import Request.
  Time since last request: 136.377094 seconds.
  path: Assets/prefabs/Coin.prefab
  artifactKey: Guid(6344847e37181164a9ddd4d216f426db) Importer(815301076,1909f56bfc062723c751e8b465ee728b)
Start importing Assets/prefabs/Coin.prefab using Guid(6344847e37181164a9ddd4d216f426db) Importer(815301076,1909f56bfc062723c751e8b465ee728b)  -> (artifact id: 'ccf4abb386f6557d97881c014e39be67') in 0.050556 seconds
  Import took 0.052303 seconds .

========================================================================
Received Import Request.
  Time since last request: 1.347767 seconds.
  path: Assets/scripts/dissepear.cs
  artifactKey: Guid(6e3d1f3a892c83448a43ff46edb34c34) Importer(815301076,1909f56bfc062723c751e8b465ee728b)
Start importing Assets/scripts/dissepear.cs using Guid(6e3d1f3a892c83448a43ff46edb34c34) Importer(815301076,1909f56bfc062723c751e8b465ee728b)  -> (artifact id: '9d6b32c14166fa03acc20702ec41ee2a') in 0.004111 seconds
  Import took 0.005663 seconds .

========================================================================
Received Import Request.
  Time since last request: 0.027321 seconds.
  path: Assets/scripts/dissepear.cs
  artifactKey: Guid(6e3d1f3a892c83448a43ff46edb34c34) Importer(815301076,1909f56bfc062723c751e8b465ee728b)
Start importing Assets/scripts/dissepear.cs using Guid(6e3d1f3a892c83448a43ff46edb34c34) Importer(815301076,1909f56bfc062723c751e8b465ee728b)  -> (artifact id: '9d6b32c14166fa03acc20702ec41ee2a') in 0.003388 seconds
  Import took 0.005242 seconds .

========================================================================
Received Import Request.
  Time since last request: 8.510023 seconds.
  path: Assets/scripts/disappear.cs
  artifactKey: Guid(6e3d1f3a892c83448a43ff46edb34c34) Importer(815301076,1909f56bfc062723c751e8b465ee728b)
Start importing Assets/scripts/disappear.cs using Guid(6e3d1f3a892c83448a43ff46edb34c34) Importer(815301076,1909f56bfc062723c751e8b465ee728b)  -> (artifact id: 'c764a201b85d07510a0e2825bc811ec3') in 0.003634 seconds
  Import took 0.005729 seconds .

========================================================================
Received Import Request.
  Time since last request: 0.002526 seconds.
  path: Assets/scripts/disappear.cs
  artifactKey: Guid(6e3d1f3a892c83448a43ff46edb34c34) Importer(815301076,1909f56bfc062723c751e8b465ee728b)
Start importing Assets/scripts/disappear.cs using Guid(6e3d1f3a892c83448a43ff46edb34c34) Importer(815301076,1909f56bfc062723c751e8b465ee728b)  -> (artifact id: 'c764a201b85d07510a0e2825bc811ec3') in 0.003374 seconds
  Import took 0.005581 seconds .

========================================================================
Received Prepare
Registering precompiled user dll's ...
Registered in 0.001479 seconds.
Begin MonoManager ReloadAssembly
Native extension for WindowsStandalone target not found
Native extension for WebGL target not found
Refreshing native plugins compatible for Editor in 0.19 ms, found 0 plugins.
Preloading 0 native plugins for Editor in 0.00 ms.
Invoked RoslynAnalysisRunner static constructor.
RoslynAnalysisRunner will not be running.
RoslynAnalysisRunner has terminated.
Mono: successfully reloaded assembly
- Completed reload, in  0.695 seconds
Platform modules already initialized, skipping
Refreshing native plugins compatible for Editor in 0.21 ms, found 0 plugins.
Preloading 0 native plugins for Editor in 0.00 ms.
Unloading 1120 Unused Serialized files (Serialized files now loaded: 0)
System memory in use before: 62.1 MB.
System memory in use after: 62.2 MB.

Unloading 4 unused Assets to reduce memory usage. Loaded Objects now: 1609.
Total: 1.473400 ms (FindLiveObjects: 0.218700 ms CreateObjectMapping: 0.052500 ms MarkObjects: 1.186500 ms  DeleteObjects: 0.014800 ms)

========================================================================
Received Prepare
Registering precompiled user dll's ...
Registered in 0.001305 seconds.
Begin MonoManager ReloadAssembly
Native extension for WindowsStandalone target not found
Native extension for WebGL target not found
Refreshing native plugins compatible for Editor in 0.18 ms, found 0 plugins.
Preloading 0 native plugins for Editor in 0.00 ms.
Invoked RoslynAnalysisRunner static constructor.
RoslynAnalysisRunner will not be running.
RoslynAnalysisRunner has terminated.
Mono: successfully reloaded assembly
- Completed reload, in  0.634 seconds
Platform modules already initialized, skipping
Refreshing native plugins compatible for Editor in 0.19 ms, found 0 plugins.
Preloading 0 native plugins for Editor in 0.00 ms.
Unloading 1120 Unused Serialized files (Serialized files now loaded: 0)
System memory in use before: 62.1 MB.
System memory in use after: 62.2 MB.

Unloading 4 unused Assets to reduce memory usage. Loaded Objects now: 1611.
Total: 1.278000 ms (FindLiveObjects: 0.141000 ms CreateObjectMapping: 0.041900 ms MarkObjects: 1.082700 ms  DeleteObjects: 0.011100 ms)

========================================================================
Received Prepare
Registering precompiled user dll's ...
Registered in 0.006822 seconds.
Begin MonoManager ReloadAssembly
Native extension for WindowsStandalone target not found
Native extension for WebGL target not found
Refreshing native plugins compatible for Editor in 0.19 ms, found 0 plugins.
Preloading 0 native plugins for Editor in 0.00 ms.
Invoked RoslynAnalysisRunner static constructor.
RoslynAnalysisRunner will not be running.
RoslynAnalysisRunner has terminated.
Mono: successfully reloaded assembly
- Completed reload, in  0.806 seconds
Platform modules already initialized, skipping
Refreshing native plugins compatible for Editor in 0.19 ms, found 0 plugins.
Preloading 0 native plugins for Editor in 0.00 ms.
Unloading 1120 Unused Serialized files (Serialized files now loaded: 0)
System memory in use before: 62.1 MB.
System memory in use after: 62.2 MB.

Unloading 4 unused Assets to reduce memory usage. Loaded Objects now: 1613.
Total: 1.469000 ms (FindLiveObjects: 0.131800 ms CreateObjectMapping: 0.031100 ms MarkObjects: 1.294100 ms  DeleteObjects: 0.010900 ms)

========================================================================
Received Prepare
Registering precompiled user dll's ...
Registered in 0.003524 seconds.
Begin MonoManager ReloadAssembly
Native extension for WindowsStandalone target not found
Native extension for WebGL target not found
Refreshing native plugins compatible for Editor in 0.19 ms, found 0 plugins.
Preloading 0 native plugins for Editor in 0.00 ms.
Invoked RoslynAnalysisRunner static constructor.
RoslynAnalysisRunner will not be running.
RoslynAnalysisRunner has terminated.
Mono: successfully reloaded assembly
- Completed reload, in  0.660 seconds
Platform modules already initialized, skipping
Refreshing native plugins compatible for Editor in 0.19 ms, found 0 plugins.
Preloading 0 native plugins for Editor in 0.00 ms.
Unloading 1120 Unused Serialized files (Serialized files now loaded: 0)
System memory in use before: 62.2 MB.
System memory in use after: 62.2 MB.

Unloading 4 unused Assets to reduce memory usage. Loaded Objects now: 1615.
Total: 1.657000 ms (FindLiveObjects: 0.132900 ms CreateObjectMapping: 0.042100 ms MarkObjects: 1.468500 ms  DeleteObjects: 0.012200 ms)

========================================================================
Received Prepare
Registering precompiled user dll's ...
Registered in 0.003733 seconds.
Begin MonoManager ReloadAssembly
Native extension for WindowsStandalone target not found
Native extension for WebGL target not found
Refreshing native plugins compatible for Editor in 0.19 ms, found 0 plugins.
Preloading 0 native plugins for Editor in 0.00 ms.
Invoked RoslynAnalysisRunner static constructor.
RoslynAnalysisRunner will not be running.
RoslynAnalysisRunner has terminated.
Mono: successfully reloaded assembly
- Completed reload, in  0.624 seconds
Platform modules already initialized, skipping
Refreshing native plugins compatible for Editor in 0.19 ms, found 0 plugins.
Preloading 0 native plugins for Editor in 0.00 ms.
Unloading 1120 Unused Serialized files (Serialized files now loaded: 0)
System memory in use before: 62.2 MB.
System memory in use after: 62.2 MB.

Unloading 4 unused Assets to reduce memory usage. Loaded Objects now: 1617.
Total: 1.465500 ms (FindLiveObjects: 0.167200 ms CreateObjectMapping: 0.038200 ms MarkObjects: 1.245100 ms  DeleteObjects: 0.013300 ms)

========================================================================
Received Prepare
Registering precompiled user dll's ...
Registered in 0.002246 seconds.
Begin MonoManager ReloadAssembly
Native extension for WindowsStandalone target not found
Native extension for WebGL target not found
Refreshing native plugins compatible for Editor in 0.18 ms, found 0 plugins.
Preloading 0 native plugins for Editor in 0.00 ms.
Invoked RoslynAnalysisRunner static constructor.
RoslynAnalysisRunner will not be running.
RoslynAnalysisRunner has terminated.
Mono: successfully reloaded assembly
- Completed reload, in  0.653 seconds
Platform modules already initialized, skipping
Refreshing native plugins compatible for Editor in 0.19 ms, found 0 plugins.
Preloading 0 native plugins for Editor in 0.00 ms.
Unloading 1120 Unused Serialized files (Serialized files now loaded: 0)
System memory in use before: 62.2 MB.
System memory in use after: 62.3 MB.

Unloading 4 unused Assets to reduce memory usage. Loaded Objects now: 1619.
Total: 1.591900 ms (FindLiveObjects: 0.137000 ms CreateObjectMapping: 0.053500 ms MarkObjects: 1.386900 ms  DeleteObjects: 0.013400 ms)

========================================================================
Received Prepare
Registering precompiled user dll's ...
Registered in 0.001416 seconds.
Begin MonoManager ReloadAssembly
Native extension for WindowsStandalone target not found
Native extension for WebGL target not found
Refreshing native plugins compatible for Editor in 0.19 ms, found 0 plugins.
Preloading 0 native plugins for Editor in 0.00 ms.
Invoked RoslynAnalysisRunner static constructor.
RoslynAnalysisRunner will not be running.
RoslynAnalysisRunner has terminated.
Mono: successfully reloaded assembly
- Completed reload, in  0.661 seconds
Platform modules already initialized, skipping
Refreshing native plugins compatible for Editor in 0.27 ms, found 0 plugins.
Preloading 0 native plugins for Editor in 0.00 ms.
Unloading 1120 Unused Serialized files (Serialized files now loaded: 0)
System memory in use before: 62.2 MB.
System memory in use after: 62.3 MB.

Unloading 4 unused Assets to reduce memory usage. Loaded Objects now: 1621.
Total: 1.821000 ms (FindLiveObjects: 0.218000 ms CreateObjectMapping: 0.032800 ms MarkObjects: 1.529500 ms  DeleteObjects: 0.039900 ms)

========================================================================
Received Prepare
Registering precompiled user dll's ...
Registered in 0.002138 seconds.
Begin MonoManager ReloadAssembly
Native extension for WindowsStandalone target not found
Native extension for WebGL target not found
Refreshing native plugins compatible for Editor in 0.28 ms, found 0 plugins.
Preloading 0 native plugins for Editor in 0.00 ms.
Invoked RoslynAnalysisRunner static constructor.
RoslynAnalysisRunner will not be running.
RoslynAnalysisRunner has terminated.
Mono: successfully reloaded assembly
- Completed reload, in  0.667 seconds
Platform modules already initialized, skipping
Refreshing native plugins compatible for Editor in 0.19 ms, found 0 plugins.
Preloading 0 native plugins for Editor in 0.00 ms.
Unloading 1120 Unused Serialized files (Serialized files now loaded: 0)
System memory in use before: 62.2 MB.
System memory in use after: 62.3 MB.

Unloading 4 unused Assets to reduce memory usage. Loaded Objects now: 1623.
Total: 1.226800 ms (FindLiveObjects: 0.120000 ms CreateObjectMapping: 0.031400 ms MarkObjects: 1.064400 ms  DeleteObjects: 0.009900 ms)

========================================================================
Received Prepare
Registering precompiled user dll's ...
Registered in 0.001471 seconds.
Begin MonoManager ReloadAssembly
Native extension for WindowsStandalone target not found
Native extension for WebGL target not found
Refreshing native plugins compatible for Editor in 0.19 ms, found 0 plugins.
Preloading 0 native plugins for Editor in 0.00 ms.
Invoked RoslynAnalysisRunner static constructor.
RoslynAnalysisRunner will not be running.
RoslynAnalysisRunner has terminated.
Mono: successfully reloaded assembly
- Completed reload, in  0.644 seconds
Platform modules already initialized, skipping
Refreshing native plugins compatible for Editor in 0.21 ms, found 0 plugins.
Preloading 0 native plugins for Editor in 0.00 ms.
Unloading 1120 Unused Serialized files (Serialized files now loaded: 0)
System memory in use before: 62.2 MB.
System memory in use after: 62.3 MB.

Unloading 4 unused Assets to reduce memory usage. Loaded Objects now: 1625.
Total: 1.571400 ms (FindLiveObjects: 0.131900 ms CreateObjectMapping: 0.035300 ms MarkObjects: 1.391200 ms  DeleteObjects: 0.011900 ms)

========================================================================
Received Import Request.
  Time since last request: 463.887617 seconds.
  path: Assets/scripts/leveltoload.cs
  artifactKey: Guid(de5acefbad59bee48ade3ff97285582d) Importer(815301076,1909f56bfc062723c751e8b465ee728b)
Start importing Assets/scripts/leveltoload.cs using Guid(de5acefbad59bee48ade3ff97285582d) Importer(815301076,1909f56bfc062723c751e8b465ee728b)  -> (artifact id: '73bf89ac5ff7432b036b998373970f61') in 0.005988 seconds
  Import took 0.008417 seconds .

========================================================================
Received Import Request.
  Time since last request: 0.000378 seconds.
  path: Assets/scripts/leveltoload.cs
  artifactKey: Guid(de5acefbad59bee48ade3ff97285582d) Importer(815301076,1909f56bfc062723c751e8b465ee728b)
Start importing Assets/scripts/leveltoload.cs using Guid(de5acefbad59bee48ade3ff97285582d) Importer(815301076,1909f56bfc062723c751e8b465ee728b)  -> (artifact id: '73bf89ac5ff7432b036b998373970f61') in 0.003691 seconds
  Import took 0.006136 seconds .

========================================================================
Received Prepare
Registering precompiled user dll's ...
Registered in 0.001522 seconds.
Begin MonoManager ReloadAssembly
Native extension for WindowsStandalone target not found
Native extension for WebGL target not found
Refreshing native plugins compatible for Editor in 0.19 ms, found 0 plugins.
Preloading 0 native plugins for Editor in 0.00 ms.
Invoked RoslynAnalysisRunner static constructor.
RoslynAnalysisRunner will not be running.
RoslynAnalysisRunner has terminated.
Mono: successfully reloaded assembly
- Completed reload, in  0.731 seconds
Platform modules already initialized, skipping
Refreshing native plugins compatible for Editor in 0.44 ms, found 0 plugins.
Preloading 0 native plugins for Editor in 0.00 ms.
Unloading 1121 Unused Serialized files (Serialized files now loaded: 0)
System memory in use before: 62.2 MB.
System memory in use after: 62.3 MB.

Unloading 4 unused Assets to reduce memory usage. Loaded Objects now: 1628.
Total: 2.509400 ms (FindLiveObjects: 0.323200 ms CreateObjectMapping: 0.090500 ms MarkObjects: 2.068800 ms  DeleteObjects: 0.025100 ms)

========================================================================
Received Import Request.
  Time since last request: 127.776611 seconds.
  path: Assets/scripts/leveltoload.cs
  artifactKey: Guid(de5acefbad59bee48ade3ff97285582d) Importer(815301076,1909f56bfc062723c751e8b465ee728b)
Start importing Assets/scripts/leveltoload.cs using Guid(de5acefbad59bee48ade3ff97285582d) Importer(815301076,1909f56bfc062723c751e8b465ee728b)  -> (artifact id: 'd2fc12a0ea65dc0c793c5b85c28ea2e9') in 0.006646 seconds
  Import took 0.009531 seconds .

========================================================================
Received Import Request.
  Time since last request: 0.000938 seconds.
  path: Assets/scripts/leveltoload.cs
  artifactKey: Guid(de5acefbad59bee48ade3ff97285582d) Importer(815301076,1909f56bfc062723c751e8b465ee728b)
Start importing Assets/scripts/leveltoload.cs using Guid(de5acefbad59bee48ade3ff97285582d) Importer(815301076,1909f56bfc062723c751e8b465ee728b)  -> (artifact id: 'd2fc12a0ea65dc0c793c5b85c28ea2e9') in 0.002936 seconds
  Import took 0.004798 seconds .

========================================================================
Received Prepare
Registering precompiled user dll's ...
Registered in 0.001274 seconds.
Begin MonoManager ReloadAssembly
Native extension for WindowsStandalone target not found
Native extension for WebGL target not found
Refreshing native plugins compatible for Editor in 0.18 ms, found 0 plugins.
Preloading 0 native plugins for Editor in 0.00 ms.
Invoked RoslynAnalysisRunner static constructor.
RoslynAnalysisRunner will not be running.
RoslynAnalysisRunner has terminated.
Mono: successfully reloaded assembly
- Completed reload, in  0.638 seconds
Platform modules already initialized, skipping
Refreshing native plugins compatible for Editor in 0.19 ms, found 0 plugins.
Preloading 0 native plugins for Editor in 0.00 ms.
Unloading 1121 Unused Serialized files (Serialized files now loaded: 0)
System memory in use before: 62.2 MB.
System memory in use after: 62.3 MB.

Unloading 4 unused Assets to reduce memory usage. Loaded Objects now: 1630.
Total: 1.558200 ms (FindLiveObjects: 0.238600 ms CreateObjectMapping: 0.084100 ms MarkObjects: 1.221500 ms  DeleteObjects: 0.013100 ms)

========================================================================
Received Import Request.
  Time since last request: 401.144929 seconds.
  path: Assets/scripts/Health.cs
  artifactKey: Guid(635c214d2399f3646be074946c482379) Importer(815301076,1909f56bfc062723c751e8b465ee728b)
Start importing Assets/scripts/Health.cs using Guid(635c214d2399f3646be074946c482379) Importer(815301076,1909f56bfc062723c751e8b465ee728b)  -> (artifact id: '6db0122fdc679945460ea3d8a0f5cbe6') in 0.006855 seconds
  Import took 0.009281 seconds .

========================================================================
Received Import Request.
  Time since last request: 10.517068 seconds.
  path: Assets/scripts/GameManager.cs
  artifactKey: Guid(b414e2cd02862ab4489f346e34d8c51e) Importer(815301076,1909f56bfc062723c751e8b465ee728b)
Start importing Assets/scripts/GameManager.cs using Guid(b414e2cd02862ab4489f346e34d8c51e) Importer(815301076,1909f56bfc062723c751e8b465ee728b)  -> (artifact id: '9054daeeadd4a15ef4dd79ce4c5931dd') in 0.004123 seconds
  Import took 0.006711 seconds .

========================================================================
Received Import Request.
  Time since last request: 0.001024 seconds.
  path: Assets/scripts/GameManager.cs
  artifactKey: Guid(b414e2cd02862ab4489f346e34d8c51e) Importer(815301076,1909f56bfc062723c751e8b465ee728b)
Start importing Assets/scripts/GameManager.cs using Guid(b414e2cd02862ab4489f346e34d8c51e) Importer(815301076,1909f56bfc062723c751e8b465ee728b)  -> (artifact id: '9054daeeadd4a15ef4dd79ce4c5931dd') in 0.003420 seconds
  Import took 0.005906 seconds .

========================================================================
Received Prepare
Registering precompiled user dll's ...
Registered in 0.001593 seconds.
Begin MonoManager ReloadAssembly
Native extension for WindowsStandalone target not found
Native extension for WebGL target not found
Refreshing native plugins compatible for Editor in 0.23 ms, found 0 plugins.
Preloading 0 native plugins for Editor in 0.00 ms.
Invoked RoslynAnalysisRunner static constructor.
RoslynAnalysisRunner will not be running.
RoslynAnalysisRunner has terminated.
Mono: successfully reloaded assembly
- Completed reload, in  0.710 seconds
Platform modules already initialized, skipping
Refreshing native plugins compatible for Editor in 0.19 ms, found 0 plugins.
Preloading 0 native plugins for Editor in 0.00 ms.
Unloading 1122 Unused Serialized files (Serialized files now loaded: 0)
System memory in use before: 62.2 MB.
System memory in use after: 62.3 MB.

Unloading 4 unused Assets to reduce memory usage. Loaded Objects now: 1633.
Total: 1.384200 ms (FindLiveObjects: 0.249400 ms CreateObjectMapping: 0.030600 ms MarkObjects: 1.093100 ms  DeleteObjects: 0.010400 ms)

========================================================================
Received Import Request.
  Time since last request: 553.343912 seconds.
  path: Assets/scripts/GameManager.cs
  artifactKey: Guid(b414e2cd02862ab4489f346e34d8c51e) Importer(815301076,1909f56bfc062723c751e8b465ee728b)
Start importing Assets/scripts/GameManager.cs using Guid(b414e2cd02862ab4489f346e34d8c51e) Importer(815301076,1909f56bfc062723c751e8b465ee728b)  -> (artifact id: '5902314996f58acdb30a22ed21f2ded9') in 0.008392 seconds
  Import took 0.011180 seconds .

========================================================================
Received Import Request.
  Time since last request: 0.023497 seconds.
  path: Assets/scripts/GameManager.cs
  artifactKey: Guid(b414e2cd02862ab4489f346e34d8c51e) Importer(815301076,1909f56bfc062723c751e8b465ee728b)
Start importing Assets/scripts/GameManager.cs using Guid(b414e2cd02862ab4489f346e34d8c51e) Importer(815301076,1909f56bfc062723c751e8b465ee728b)  -> (artifact id: '5902314996f58acdb30a22ed21f2ded9') in 0.003175 seconds
  Import took 0.005010 seconds .

========================================================================
Received Import Request.
  Time since last request: 68.189761 seconds.
  path: Assets/scripts/GameManager.cs
  artifactKey: Guid(b414e2cd02862ab4489f346e34d8c51e) Importer(815301076,1909f56bfc062723c751e8b465ee728b)
Start importing Assets/scripts/GameManager.cs using Guid(b414e2cd02862ab4489f346e34d8c51e) Importer(815301076,1909f56bfc062723c751e8b465ee728b)  -> (artifact id: '3cd8e7bcef621247953d6065bf0e294b') in 0.004267 seconds
  Import took 0.007541 seconds .

========================================================================
Received Import Request.
  Time since last request: 71.402671 seconds.
  path: Assets/scripts/GameManager.cs
  artifactKey: Guid(b414e2cd02862ab4489f346e34d8c51e) Importer(815301076,1909f56bfc062723c751e8b465ee728b)
Start importing Assets/scripts/GameManager.cs using Guid(b414e2cd02862ab4489f346e34d8c51e) Importer(815301076,1909f56bfc062723c751e8b465ee728b)  -> (artifact id: 'c70d2ca30e0ae926badfb529750af1da') in 0.003411 seconds
  Import took 0.005141 seconds .

========================================================================
Received Import Request.
  Time since last request: 0.001040 seconds.
  path: Assets/scripts/GameManager.cs
  artifactKey: Guid(b414e2cd02862ab4489f346e34d8c51e) Importer(815301076,1909f56bfc062723c751e8b465ee728b)
Start importing Assets/scripts/GameManager.cs using Guid(b414e2cd02862ab4489f346e34d8c51e) Importer(815301076,1909f56bfc062723c751e8b465ee728b)  -> (artifact id: 'c70d2ca30e0ae926badfb529750af1da') in 0.004235 seconds
  Import took 0.006446 seconds .

========================================================================
Received Import Request.
  Time since last request: 24.730302 seconds.
  path: Assets/scripts/GameManager.cs
  artifactKey: Guid(b414e2cd02862ab4489f346e34d8c51e) Importer(815301076,1909f56bfc062723c751e8b465ee728b)
Start importing Assets/scripts/GameManager.cs using Guid(b414e2cd02862ab4489f346e34d8c51e) Importer(815301076,1909f56bfc062723c751e8b465ee728b)  -> (artifact id: '982fb988413aca440122044b276c481d') in 0.003317 seconds
  Import took 0.005134 seconds .

========================================================================
Received Import Request.
  Time since last request: 0.005131 seconds.
  path: Assets/scripts/GameManager.cs
  artifactKey: Guid(b414e2cd02862ab4489f346e34d8c51e) Importer(815301076,1909f56bfc062723c751e8b465ee728b)
Start importing Assets/scripts/GameManager.cs using Guid(b414e2cd02862ab4489f346e34d8c51e) Importer(815301076,1909f56bfc062723c751e8b465ee728b)  -> (artifact id: '982fb988413aca440122044b276c481d') in 0.006391 seconds
  Import took 0.008921 seconds .

========================================================================
Received Import Request.
  Time since last request: 18.860996 seconds.
  path: Assets/scripts/GameManager.cs
  artifactKey: Guid(b414e2cd02862ab4489f346e34d8c51e) Importer(815301076,1909f56bfc062723c751e8b465ee728b)
Start importing Assets/scripts/GameManager.cs using Guid(b414e2cd02862ab4489f346e34d8c51e) Importer(815301076,1909f56bfc062723c751e8b465ee728b)  -> (artifact id: 'bd05095025b41a5ef7cc30950868d2df') in 0.006084 seconds
  Import took 0.008103 seconds .

========================================================================
Received Prepare
Registering precompiled user dll's ...
Registered in 0.002784 seconds.
Begin MonoManager ReloadAssembly
Native extension for WindowsStandalone target not found
Native extension for WebGL target not found
Refreshing native plugins compatible for Editor in 0.50 ms, found 0 plugins.
Preloading 0 native plugins for Editor in 0.00 ms.
Invoked RoslynAnalysisRunner static constructor.
RoslynAnalysisRunner will not be running.
RoslynAnalysisRunner has terminated.
Mono: successfully reloaded assembly
- Completed reload, in  1.440 seconds
Platform modules already initialized, skipping
Refreshing native plugins compatible for Editor in 0.32 ms, found 0 plugins.
Preloading 0 native plugins for Editor in 0.00 ms.
Unloading 1122 Unused Serialized files (Serialized files now loaded: 0)
System memory in use before: 62.2 MB.
System memory in use after: 62.3 MB.

Unloading 4 unused Assets to reduce memory usage. Loaded Objects now: 1635.
Total: 3.013400 ms (FindLiveObjects: 0.278500 ms CreateObjectMapping: 0.076500 ms MarkObjects: 2.626200 ms  DeleteObjects: 0.030400 ms)

========================================================================
Received Prepare
Registering precompiled user dll's ...
Registered in 0.002498 seconds.
Begin MonoManager ReloadAssembly
Native extension for WindowsStandalone target not found
Native extension for WebGL target not found
Refreshing native plugins compatible for Editor in 0.32 ms, found 0 plugins.
Preloading 0 native plugins for Editor in 0.00 ms.
Invoked RoslynAnalysisRunner static constructor.
RoslynAnalysisRunner will not be running.
RoslynAnalysisRunner has terminated.
Mono: successfully reloaded assembly
- Completed reload, in  1.303 seconds
Platform modules already initialized, skipping
Refreshing native plugins compatible for Editor in 0.40 ms, found 0 plugins.
Preloading 0 native plugins for Editor in 0.00 ms.
Unloading 1122 Unused Serialized files (Serialized files now loaded: 0)
System memory in use before: 62.2 MB.
System memory in use after: 62.3 MB.

Unloading 4 unused Assets to reduce memory usage. Loaded Objects now: 1637.
Total: 3.256500 ms (FindLiveObjects: 0.243800 ms CreateObjectMapping: 0.081000 ms MarkObjects: 2.895900 ms  DeleteObjects: 0.033500 ms)

========================================================================
Received Prepare
Registering precompiled user dll's ...
Registered in 0.002393 seconds.
Begin MonoManager ReloadAssembly
Native extension for WindowsStandalone target not found
Native extension for WebGL target not found
Refreshing native plugins compatible for Editor in 0.32 ms, found 0 plugins.
Preloading 0 native plugins for Editor in 0.00 ms.
Invoked RoslynAnalysisRunner static constructor.
RoslynAnalysisRunner will not be running.
RoslynAnalysisRunner has terminated.
Mono: successfully reloaded assembly
- Completed reload, in  1.432 seconds
Platform modules already initialized, skipping
Refreshing native plugins compatible for Editor in 0.32 ms, found 0 plugins.
Preloading 0 native plugins for Editor in 0.00 ms.
Unloading 1122 Unused Serialized files (Serialized files now loaded: 0)
System memory in use before: 62.2 MB.
System memory in use after: 62.3 MB.

Unloading 4 unused Assets to reduce memory usage. Loaded Objects now: 1639.
Total: 3.028200 ms (FindLiveObjects: 0.210100 ms CreateObjectMapping: 0.069400 ms MarkObjects: 2.717900 ms  DeleteObjects: 0.029300 ms)

========================================================================
Received Import Request.
  Time since last request: 471.613917 seconds.
  path: Assets/scripts/GameManager.cs
  artifactKey: Guid(b414e2cd02862ab4489f346e34d8c51e) Importer(815301076,1909f56bfc062723c751e8b465ee728b)
Start importing Assets/scripts/GameManager.cs using Guid(b414e2cd02862ab4489f346e34d8c51e) Importer(815301076,1909f56bfc062723c751e8b465ee728b)  -> (artifact id: '0a1f5911862b853cf7f24a50fe7fef6f') in 0.012741 seconds
  Import took 0.017151 seconds .

========================================================================
Received Import Request.
  Time since last request: 7.246597 seconds.
  path: Assets/scripts/MyGameManager.cs
  artifactKey: Guid(b414e2cd02862ab4489f346e34d8c51e) Importer(815301076,1909f56bfc062723c751e8b465ee728b)
Start importing Assets/scripts/MyGameManager.cs using Guid(b414e2cd02862ab4489f346e34d8c51e) Importer(815301076,1909f56bfc062723c751e8b465ee728b)  -> (artifact id: 'c654586c61a2e2a0acc17482eeeddc9d') in 0.009005 seconds
  Import took 0.012836 seconds .

========================================================================
Received Import Request.
  Time since last request: 0.003299 seconds.
  path: Assets/scripts/MyGameManager.cs
  artifactKey: Guid(b414e2cd02862ab4489f346e34d8c51e) Importer(815301076,1909f56bfc062723c751e8b465ee728b)
Start importing Assets/scripts/MyGameManager.cs using Guid(b414e2cd02862ab4489f346e34d8c51e) Importer(815301076,1909f56bfc062723c751e8b465ee728b)  -> (artifact id: 'c654586c61a2e2a0acc17482eeeddc9d') in 0.008361 seconds
  Import took 0.013618 seconds .

========================================================================
Received Prepare
Registering precompiled user dll's ...
Registered in 0.002501 seconds.
Begin MonoManager ReloadAssembly
Native extension for WindowsStandalone target not found
Native extension for WebGL target not found
Refreshing native plugins compatible for Editor in 0.27 ms, found 0 plugins.
Preloading 0 native plugins for Editor in 0.00 ms.
Invoked RoslynAnalysisRunner static constructor.
RoslynAnalysisRunner will not be running.
RoslynAnalysisRunner has terminated.
Mono: successfully reloaded assembly
- Completed reload, in  1.108 seconds
Platform modules already initialized, skipping
Refreshing native plugins compatible for Editor in 0.24 ms, found 0 plugins.
Preloading 0 native plugins for Editor in 0.00 ms.
Unloading 1122 Unused Serialized files (Serialized files now loaded: 0)
System memory in use before: 62.3 MB.
System memory in use after: 62.4 MB.

Unloading 4 unused Assets to reduce memory usage. Loaded Objects now: 1641.
Total: 2.318500 ms (FindLiveObjects: 0.211200 ms CreateObjectMapping: 0.148600 ms MarkObjects: 1.933300 ms  DeleteObjects: 0.023300 ms)

========================================================================
Received Prepare
Registering precompiled user dll's ...
Registered in 0.001982 seconds.
Begin MonoManager ReloadAssembly
Native extension for WindowsStandalone target not found
Native extension for WebGL target not found
Refreshing native plugins compatible for Editor in 0.23 ms, found 0 plugins.
Preloading 0 native plugins for Editor in 0.00 ms.
Invoked RoslynAnalysisRunner static constructor.
RoslynAnalysisRunner will not be running.
RoslynAnalysisRunner has terminated.
Mono: successfully reloaded assembly
- Completed reload, in  1.120 seconds
Platform modules already initialized, skipping
Refreshing native plugins compatible for Editor in 0.28 ms, found 0 plugins.
Preloading 0 native plugins for Editor in 0.00 ms.
Unloading 1122 Unused Serialized files (Serialized files now loaded: 0)
System memory in use before: 62.3 MB.
System memory in use after: 62.4 MB.

Unloading 4 unused Assets to reduce memory usage. Loaded Objects now: 1643.
Total: 2.444800 ms (FindLiveObjects: 0.248500 ms CreateObjectMapping: 0.064800 ms MarkObjects: 2.107100 ms  DeleteObjects: 0.022500 ms)

========================================================================
Received Prepare
Registering precompiled user dll's ...
Registered in 0.003538 seconds.
Begin MonoManager ReloadAssembly
Native extension for WindowsStandalone target not found
Native extension for WebGL target not found
Refreshing native plugins compatible for Editor in 0.22 ms, found 0 plugins.
Preloading 0 native plugins for Editor in 0.00 ms.
Invoked RoslynAnalysisRunner static constructor.
RoslynAnalysisRunner will not be running.
RoslynAnalysisRunner has terminated.
Mono: successfully reloaded assembly
- Completed reload, in  1.139 seconds
Platform modules already initialized, skipping
Refreshing native plugins compatible for Editor in 0.24 ms, found 0 plugins.
Preloading 0 native plugins for Editor in 0.00 ms.
Unloading 1122 Unused Serialized files (Serialized files now loaded: 0)
System memory in use before: 62.3 MB.
System memory in use after: 62.4 MB.

Unloading 4 unused Assets to reduce memory usage. Loaded Objects now: 1645.
Total: 1.651900 ms (FindLiveObjects: 0.157300 ms CreateObjectMapping: 0.042900 ms MarkObjects: 1.434100 ms  DeleteObjects: 0.016400 ms)

========================================================================
Received Prepare
Registering precompiled user dll's ...
Registered in 0.002096 seconds.
Begin MonoManager ReloadAssembly
Native extension for WindowsStandalone target not found
Native extension for WebGL target not found
Refreshing native plugins compatible for Editor in 0.23 ms, found 0 plugins.
Preloading 0 native plugins for Editor in 0.00 ms.
Invoked RoslynAnalysisRunner static constructor.
RoslynAnalysisRunner will not be running.
RoslynAnalysisRunner has terminated.
Mono: successfully reloaded assembly
- Completed reload, in  1.149 seconds
Platform modules already initialized, skipping
Refreshing native plugins compatible for Editor in 0.25 ms, found 0 plugins.
Preloading 0 native plugins for Editor in 0.00 ms.
Unloading 1122 Unused Serialized files (Serialized files now loaded: 0)
System memory in use before: 62.3 MB.
System memory in use after: 62.4 MB.

Unloading 4 unused Assets to reduce memory usage. Loaded Objects now: 1647.
Total: 2.391800 ms (FindLiveObjects: 0.181600 ms CreateObjectMapping: 0.058700 ms MarkObjects: 2.129200 ms  DeleteObjects: 0.020700 ms)

========================================================================
Received Prepare
Registering precompiled user dll's ...
Registered in 0.002083 seconds.
Begin MonoManager ReloadAssembly
Native extension for WindowsStandalone target not found
Native extension for WebGL target not found
Refreshing native plugins compatible for Editor in 0.24 ms, found 0 plugins.
Preloading 0 native plugins for Editor in 0.00 ms.
Invoked RoslynAnalysisRunner static constructor.
RoslynAnalysisRunner will not be running.
RoslynAnalysisRunner has terminated.
Mono: successfully reloaded assembly
- Completed reload, in  1.023 seconds
Platform modules already initialized, skipping
Refreshing native plugins compatible for Editor in 0.28 ms, found 0 plugins.
Preloading 0 native plugins for Editor in 0.00 ms.
Unloading 1122 Unused Serialized files (Serialized files now loaded: 0)
System memory in use before: 62.3 MB.
System memory in use after: 62.4 MB.

Unloading 4 unused Assets to reduce memory usage. Loaded Objects now: 1649.
Total: 1.900500 ms (FindLiveObjects: 0.175200 ms CreateObjectMapping: 0.046500 ms MarkObjects: 1.659000 ms  DeleteObjects: 0.018600 ms)

AssetImportWorkerClient::OnTransportError - code=2 error=End of file
